<?xml version="1.0" encoding="UTF-8"?>
<testsuite xmlns:xsi="http://www.w3.org/2001/XMLSchema-instance" xsi:noNamespaceSchemaLocation="https://maven.apache.org/surefire/maven-surefire-plugin/xsd/surefire-test-report.xsd" version="3.0.2" name="com.prot.mailer.MailerApplicationTests" time="5.518" tests="1" errors="0" skipped="0" failures="0">
  <properties>
[...]
</properties>
  <testcase name="contextLoads" classname="com.prot.mailer.MailerApplicationTests" time="1.287">
    <system-out><![CDATA[21:07:50.496 [main] INFO org.springframework.test.context.support.AnnotationConfigContextLoaderUtils -- Could not detect default configuration classes for test class [com.prot.mailer.MailerApplicationTests]: MailerApplicationTests does not declare any static, non-private, non-final, nested classes annotated with @Configuration.
21:07:50.743 [main] INFO org.springframework.boot.test.context.SpringBootTestContextBootstrapper -- Found @SpringBootConfiguration com.prot.mailer.MailerApplication for test class com.prot.mailer.MailerApplicationTests

  .   ____          _            __ _ _
 /\\ / ___'_ __ _ _(_)_ __  __ _ \ \ \ \
( ( )\___ | '_ | '_| | '_ \/ _` | \ \ \ \
 \\/  ___)| |_)| | | | | || (_| |  ) ) ) )
  '  |____| .__|_| |_|_| |_\__, | / / / /
 =========|_|==============|___/=/_/_/_/

 :: Spring Boot ::                (v4.0.1)

2025-12-26T21:07:51.829+05:45  INFO 13204 --- [mailer] [           main] com.prot.mailer.MailerApplicationTests   : Starting MailerApplicationTests using Java 24.0.2 with PID 13204 (started by Suman in C:\Users\Suman\Desktop\mailer\mailer)
2025-12-26T21:07:51.833+05:45  INFO 13204 --- [mailer] [           main] com.prot.mailer.MailerApplicationTests   : No active profile set, falling back to 1 default profile: "default"
2025-12-26T21:07:53.454+05:45  WARN 13204 --- [mailer] [           main] org.apache.velocity.deprecation          : configuration key 'class.resource.loader.class' has been deprecated in favor of 'resource.loader.class.class'
2025-12-26T21:07:53.455+05:45  WARN 13204 --- [mailer] [           main] org.apache.velocity.deprecation          : configuration key 'resource.loader' has been deprecated in favor of 'resource.loaders'
2025-12-26T21:07:54.334+05:45  INFO 13204 --- [mailer] [           main] com.prot.mailer.MailerApplicationTests   : Started MailerApplicationTests in 3.264 seconds (process running for 5.691)
]]></system-out>
    <system-err><![CDATA[Mockito is currently self-attaching to enable the inline-mock-maker. This will no longer work in future releases of the JDK. Please add Mockito as an agent to your build as described in Mockito's documentation: https://javadoc.io/doc/org.mockito/mockito-core/latest/org.mockito/org/mockito/Mockito.html#0.3
WARNING: A Java agent has been loaded dynamically (C:\Users\Suman\.m2\repository\net\bytebuddy\byte-buddy-agent\1.17.8\byte-buddy-agent-1.17.8.jar)
WARNING: If a serviceability tool is in use, please run with -XX:+EnableDynamicAgentLoading to hide this warning
WARNING: If a serviceability tool is not in use, please run with -Djdk.instrument.traceUsage for more information
WARNING: Dynamic loading of agents will be disallowed by default in a future release
]]></system-err>
  </testcase>
</testsuite>